13:57:24.977 [main] INFO  o.s.w.c.s.AnnotationConfigWebApplicationContext - Refreshing Root WebApplicationContext: startup date [Wed May 13 13:57:24 CEST 2015]; root of context hierarchy
13:57:25.013 [main] DEBUG o.s.w.c.s.StandardServletEnvironment - Initializing new StandardServletEnvironment
13:57:25.015 [main] DEBUG o.s.w.c.s.StandardServletEnvironment - Adding [servletConfigInitParams] PropertySource with lowest search precedence
13:57:25.015 [main] DEBUG o.s.w.c.s.StandardServletEnvironment - Adding [servletContextInitParams] PropertySource with lowest search precedence
13:57:25.019 [main] DEBUG o.s.w.c.s.StandardServletEnvironment - Adding [jndiProperties] PropertySource with lowest search precedence
13:57:25.020 [main] DEBUG o.s.w.c.s.StandardServletEnvironment - Adding [systemProperties] PropertySource with lowest search precedence
13:57:25.020 [main] DEBUG o.s.w.c.s.StandardServletEnvironment - Adding [systemEnvironment] PropertySource with lowest search precedence
13:57:25.020 [main] DEBUG o.s.w.c.s.StandardServletEnvironment - Initialized StandardServletEnvironment with PropertySources [servletConfigInitParams,servletContextInitParams,jndiProperties,systemProperties,systemEnvironment]
13:57:25.051 [main] DEBUG o.s.core.env.StandardEnvironment - Initializing new StandardEnvironment
13:57:25.051 [main] DEBUG o.s.core.env.StandardEnvironment - Adding [systemProperties] PropertySource with lowest search precedence
13:57:25.052 [main] DEBUG o.s.core.env.StandardEnvironment - Adding [systemEnvironment] PropertySource with lowest search precedence
13:57:25.052 [main] DEBUG o.s.core.env.StandardEnvironment - Initialized StandardEnvironment with PropertySources [systemProperties,systemEnvironment]
13:57:25.066 [main] DEBUG o.s.core.env.StandardEnvironment - Initializing new StandardEnvironment
13:57:25.066 [main] DEBUG o.s.core.env.StandardEnvironment - Adding [systemProperties] PropertySource with lowest search precedence
13:57:25.066 [main] DEBUG o.s.core.env.StandardEnvironment - Adding [systemEnvironment] PropertySource with lowest search precedence
13:57:25.066 [main] DEBUG o.s.core.env.StandardEnvironment - Initialized StandardEnvironment with PropertySources [systemProperties,systemEnvironment]
13:57:25.077 [main] INFO  o.s.w.c.s.AnnotationConfigWebApplicationContext - Registering annotated classes: [class com.mgr.config.JsonMessageFormatConfig]
13:57:25.081 [main] INFO  o.s.w.c.s.AnnotationConfigWebApplicationContext - Scanning base packages: [com.mgr.config,com.mgr.json.controller]
13:57:25.086 [main] DEBUG o.s.c.i.s.PathMatchingResourcePatternResolver - Looking for matching resources in directory tree [J:\Magisterka\workspace\esper\target\classes\com\mgr\config]
13:57:25.087 [main] DEBUG o.s.c.i.s.PathMatchingResourcePatternResolver - Searching directory [J:\Magisterka\workspace\esper\target\classes\com\mgr\config] for files matching pattern [J:/Magisterka/workspace/esper/target/classes/com/mgr/config/**/*.class]
13:57:25.090 [main] DEBUG o.s.c.i.s.PathMatchingResourcePatternResolver - Resolved location pattern [classpath*:com/mgr/config/**/*.class] to resources [file [J:\Magisterka\workspace\esper\target\classes\com\mgr\config\AppConfig.class], file [J:\Magisterka\workspace\esper\target\classes\com\mgr\config\JsonMessageFormatConfig.class]]
13:57:25.112 [main] DEBUG o.s.c.a.ClassPathBeanDefinitionScanner - Identified candidate component class: file [J:\Magisterka\workspace\esper\target\classes\com\mgr\config\AppConfig.class]
13:57:25.113 [main] DEBUG o.s.c.i.s.PathMatchingResourcePatternResolver - Looking for matching resources in directory tree [J:\Magisterka\workspace\esper\target\classes\com\mgr\json\controller]
13:57:25.114 [main] DEBUG o.s.c.i.s.PathMatchingResourcePatternResolver - Searching directory [J:\Magisterka\workspace\esper\target\classes\com\mgr\json\controller] for files matching pattern [J:/Magisterka/workspace/esper/target/classes/com/mgr/json/controller/**/*.class]
13:57:25.114 [main] DEBUG o.s.c.i.s.PathMatchingResourcePatternResolver - Resolved location pattern [classpath*:com/mgr/json/controller/**/*.class] to resources [file [J:\Magisterka\workspace\esper\target\classes\com\mgr\json\controller\JsonMessageController.class]]
13:57:25.124 [main] DEBUG o.s.c.a.ClassPathBeanDefinitionScanner - Identified candidate component class: file [J:\Magisterka\workspace\esper\target\classes\com\mgr\json\controller\JsonMessageController.class]
13:57:25.125 [main] DEBUG o.s.w.c.s.AnnotationConfigWebApplicationContext - Bean factory for Root WebApplicationContext: org.springframework.beans.factory.support.DefaultListableBeanFactory@5579bb86: defining beans [org.springframework.context.annotation.internalConfigurationAnnotationProcessor,org.springframework.context.annotation.internalAutowiredAnnotationProcessor,org.springframework.context.annotation.internalRequiredAnnotationProcessor,org.springframework.context.annotation.internalCommonAnnotationProcessor,jsonMessageFormatConfig,appConfig,jsonMessageController]; root of factory hierarchy
13:57:25.137 [main] DEBUG o.s.b.f.s.DefaultListableBeanFactory - Creating shared instance of singleton bean 'org.springframework.context.annotation.internalConfigurationAnnotationProcessor'
13:57:25.137 [main] DEBUG o.s.b.f.s.DefaultListableBeanFactory - Creating instance of bean 'org.springframework.context.annotation.internalConfigurationAnnotationProcessor'
13:57:25.154 [main] DEBUG o.s.b.f.s.DefaultListableBeanFactory - Eagerly caching bean 'org.springframework.context.annotation.internalConfigurationAnnotationProcessor' to allow for resolving potential circular references
13:57:25.155 [main] DEBUG o.s.b.f.s.DefaultListableBeanFactory - Finished creating instance of bean 'org.springframework.context.annotation.internalConfigurationAnnotationProcessor'
13:57:25.177 [main] DEBUG o.s.c.e.PropertySourcesPropertyResolver - Searching for key 'cfg.path:config/' in [servletConfigInitParams]
13:57:25.177 [main] DEBUG o.s.c.e.PropertySourcesPropertyResolver - Searching for key 'cfg.path:config/' in [servletContextInitParams]
13:57:25.178 [main] DEBUG o.s.c.e.PropertySourcesPropertyResolver - Searching for key 'cfg.path:config/' in [jndiProperties]
13:57:25.178 [main] DEBUG o.springframework.jndi.JndiTemplate - Looking up JNDI object with name [cfg.path:config/]
13:57:25.179 [main] DEBUG o.s.jndi.JndiPropertySource - JNDI lookup for name [cfg.path:config/] threw NamingException with message: Need to specify class name in environment or system property, or as an applet parameter, or in an application resource file:  java.naming.factory.initial. Returning null.
13:57:25.180 [main] DEBUG o.s.c.e.PropertySourcesPropertyResolver - Searching for key 'cfg.path:config/' in [systemProperties]
13:57:25.180 [main] DEBUG o.s.c.e.PropertySourcesPropertyResolver - Searching for key 'cfg.path:config/' in [systemEnvironment]
13:57:25.181 [main] DEBUG o.s.c.e.PropertySourcesPropertyResolver - Could not find key 'cfg.path:config/' in any property source. Returning [null]
13:57:25.181 [main] DEBUG o.s.c.e.PropertySourcesPropertyResolver - Searching for key 'cfg.path' in [servletConfigInitParams]
13:57:25.181 [main] DEBUG o.s.c.e.PropertySourcesPropertyResolver - Searching for key 'cfg.path' in [servletContextInitParams]
13:57:25.181 [main] DEBUG o.s.c.e.PropertySourcesPropertyResolver - Searching for key 'cfg.path' in [jndiProperties]
13:57:25.182 [main] DEBUG o.springframework.jndi.JndiTemplate - Looking up JNDI object with name [java:comp/env/cfg.path]
13:57:25.182 [main] DEBUG o.s.jndi.JndiLocatorDelegate - Converted JNDI name [java:comp/env/cfg.path] not found - trying original name [cfg.path]. javax.naming.NoInitialContextException: Need to specify class name in environment or system property, or as an applet parameter, or in an application resource file:  java.naming.factory.initial
13:57:25.182 [main] DEBUG o.springframework.jndi.JndiTemplate - Looking up JNDI object with name [cfg.path]
13:57:25.183 [main] DEBUG o.s.jndi.JndiPropertySource - JNDI lookup for name [cfg.path] threw NamingException with message: Need to specify class name in environment or system property, or as an applet parameter, or in an application resource file:  java.naming.factory.initial. Returning null.
13:57:25.183 [main] DEBUG o.s.c.e.PropertySourcesPropertyResolver - Searching for key 'cfg.path' in [systemProperties]
13:57:25.183 [main] DEBUG o.s.c.e.PropertySourcesPropertyResolver - Found key 'cfg.path' in [systemProperties] with type [String] and value '/'
13:57:25.190 [main] INFO  o.s.b.f.s.DefaultListableBeanFactory - Destroying singletons in org.springframework.beans.factory.support.DefaultListableBeanFactory@5579bb86: defining beans [org.springframework.context.annotation.internalConfigurationAnnotationProcessor,org.springframework.context.annotation.internalAutowiredAnnotationProcessor,org.springframework.context.annotation.internalRequiredAnnotationProcessor,org.springframework.context.annotation.internalCommonAnnotationProcessor,jsonMessageFormatConfig,appConfig,jsonMessageController,org.springframework.context.annotation.ConfigurationClassPostProcessor.importAwareProcessor]; root of factory hierarchy
13:57:25.194 [main] INFO  com.mgr.EsperEngineApp - Error: 
org.springframework.beans.factory.BeanDefinitionStoreException: Failed to load bean class: com.mgr.config.AppConfig; nested exception is java.io.FileNotFoundException: \app.properties (The system cannot find the file specified)
	at org.springframework.context.annotation.ConfigurationClassPostProcessor.processConfigBeanDefinitions(ConfigurationClassPostProcessor.java:289) ~[spring-context-3.2.4.RELEASE.jar:3.2.4.RELEASE]
	at org.springframework.context.annotation.ConfigurationClassPostProcessor.postProcessBeanDefinitionRegistry(ConfigurationClassPostProcessor.java:223) ~[spring-context-3.2.4.RELEASE.jar:3.2.4.RELEASE]
	at org.springframework.context.support.AbstractApplicationContext.invokeBeanFactoryPostProcessors(AbstractApplicationContext.java:630) ~[spring-context-3.2.4.RELEASE.jar:3.2.4.RELEASE]
	at org.springframework.context.support.AbstractApplicationContext.refresh(AbstractApplicationContext.java:461) ~[spring-context-3.2.4.RELEASE.jar:3.2.4.RELEASE]
	at com.mgr.EsperEngineApp.main(EsperEngineApp.java:22) ~[classes/:na]
Caused by: java.io.FileNotFoundException: \app.properties (The system cannot find the file specified)
	at java.io.FileInputStream.open0(Native Method) ~[na:1.8.0_45]
	at java.io.FileInputStream.open(Unknown Source) ~[na:1.8.0_45]
	at java.io.FileInputStream.<init>(Unknown Source) ~[na:1.8.0_45]
	at java.io.FileInputStream.<init>(Unknown Source) ~[na:1.8.0_45]
	at sun.net.www.protocol.file.FileURLConnection.connect(Unknown Source) ~[na:1.8.0_45]
	at sun.net.www.protocol.file.FileURLConnection.getInputStream(Unknown Source) ~[na:1.8.0_45]
	at org.springframework.core.io.UrlResource.getInputStream(UrlResource.java:167) ~[spring-core-3.2.4.RELEASE.jar:3.2.4.RELEASE]
	at org.springframework.core.io.support.EncodedResource.getInputStream(EncodedResource.java:143) ~[spring-core-3.2.4.RELEASE.jar:3.2.4.RELEASE]
	at org.springframework.core.io.support.PropertiesLoaderUtils.fillProperties(PropertiesLoaderUtils.java:98) ~[spring-core-3.2.4.RELEASE.jar:3.2.4.RELEASE]
	at org.springframework.core.io.support.PropertiesLoaderUtils.fillProperties(PropertiesLoaderUtils.java:72) ~[spring-core-3.2.4.RELEASE.jar:3.2.4.RELEASE]
	at org.springframework.core.io.support.PropertiesLoaderUtils.loadProperties(PropertiesLoaderUtils.java:58) ~[spring-core-3.2.4.RELEASE.jar:3.2.4.RELEASE]
	at org.springframework.core.io.support.ResourcePropertySource.<init>(ResourcePropertySource.java:64) ~[spring-core-3.2.4.RELEASE.jar:3.2.4.RELEASE]
	at org.springframework.core.io.support.ResourcePropertySource.<init>(ResourcePropertySource.java:73) ~[spring-core-3.2.4.RELEASE.jar:3.2.4.RELEASE]
	at org.springframework.core.io.support.ResourcePropertySource.<init>(ResourcePropertySource.java:93) ~[spring-core-3.2.4.RELEASE.jar:3.2.4.RELEASE]
	at org.springframework.context.annotation.ConfigurationClassParser.processPropertySource(ConfigurationClassParser.java:300) ~[spring-context-3.2.4.RELEASE.jar:3.2.4.RELEASE]
	at org.springframework.context.annotation.ConfigurationClassParser.doProcessConfigurationClass(ConfigurationClassParser.java:184) ~[spring-context-3.2.4.RELEASE.jar:3.2.4.RELEASE]
	at org.springframework.context.annotation.ConfigurationClassParser.processConfigurationClass(ConfigurationClassParser.java:165) ~[spring-context-3.2.4.RELEASE.jar:3.2.4.RELEASE]
	at org.springframework.context.annotation.ConfigurationClassParser.parse(ConfigurationClassParser.java:131) ~[spring-context-3.2.4.RELEASE.jar:3.2.4.RELEASE]
	at org.springframework.context.annotation.ConfigurationClassPostProcessor.processConfigBeanDefinitions(ConfigurationClassPostProcessor.java:285) ~[spring-context-3.2.4.RELEASE.jar:3.2.4.RELEASE]
	... 4 common frames omitted
